<?xml version="1.0" encoding="UTF-8"?>
<!-- Generated by org.testng.reporters.JUnitReportReporter -->
<testsuite hostname="LAPTOP-966JUI2U" failures="0" tests="2" name="excelDataDriven.DataManagementFinal" time="8.986" errors="0" timestamp="2024-11-20T01:35:23 IST" skipped="0">
  <testcase classname="excelDataDriven.DataManagementFinal" name="testcaseData" time="4.061"/>
  <testcase classname="excelDataDriven.DataManagementFinal" name="testcaseData" time="4.925"/>
</testsuite> <!-- excelDataDriven.DataManagementFinal -->
