<?xml version="1.0" encoding="UTF-8"?>
<!-- Generated by org.testng.reporters.JUnitReportReporter -->
<testsuite hostname="LAPTOP-966JUI2U" failures="0" tests="2" name="excelDataDriven.FacebookLoginWithDataMangement" time="5.536" errors="0" timestamp="2024-11-20T11:31:30 IST" skipped="0">
  <testcase classname="excelDataDriven.FacebookLoginWithDataMangement" name="testcaseData" time="0.002"/>
  <testcase classname="excelDataDriven.FacebookLoginWithDataMangement" name="testcaseData" time="5.534"/>
</testsuite> <!-- excelDataDriven.FacebookLoginWithDataMangement -->
