<?xml version="1.0" encoding="UTF-8"?>
<!-- Generated by org.testng.reporters.JUnitReportReporter -->
<testsuite hostname="LAPTOP-966JUI2U" failures="0" tests="1" name="suiteA.TestA1" time="2.011" errors="0" timestamp="2024-11-12T15:03:01 IST" skipped="0">
  <testcase classname="suiteA.TestA1" name="TestA1" time="2.011"/>
</testsuite> <!-- suiteA.TestA1 -->
