<?xml version="1.0" encoding="UTF-8"?>
<!-- Generated by org.testng.reporters.JUnitReportReporter -->
<testsuite hostname="LAPTOP-966JUI2U" failures="0" tests="2" name="registerpack.SearchOperation" time="0.002" errors="0" timestamp="2024-11-15T15:07:22 IST" skipped="0">
  <testcase classname="registerpack.SearchOperation" name="searchwithNoProduct" time="0.001"/>
  <testcase classname="registerpack.SearchOperation" name="searchforValidProduct" time="0.001"/>
</testsuite> <!-- registerpack.SearchOperation -->
