<?xml version="1.0" encoding="UTF-8"?>
<!-- Generated by org.testng.reporters.JUnitReportReporter -->
<testsuite hostname="LAPTOP-966JUI2U" failures="0" tests="1" name="suiteB.TestB3" time="2.010" errors="0" timestamp="2024-11-12T15:03:01 IST" skipped="0">
  <testcase classname="suiteB.TestB3" name="TestB3" time="2.010"/>
</testsuite> <!-- suiteB.TestB3 -->
