<?xml version="1.0" encoding="UTF-8"?>
<!-- Generated by org.testng.reporters.JUnitReportReporter -->
<testsuite hostname="LAPTOP-966JUI2U" failures="0" tests="4" name="testNGpack.TestMethodDependancy" time="0.021" errors="0" timestamp="2024-11-12T15:14:51 IST" skipped="2">
  <testcase classname="testNGpack.TestMethodDependancy" name="orange" time="0.014"/>
  <testcase classname="testNGpack.TestMethodDependancy" name="white" time="0.005">
    <skipped/>
  </testcase> <!-- white -->
  <testcase classname="testNGpack.TestMethodDependancy" name="blue" time="0.000">
    <skipped/>
  </testcase> <!-- blue -->
  <testcase classname="testNGpack.TestMethodDependancy" name="green" time="0.002"/>
</testsuite> <!-- testNGpack.TestMethodDependancy -->
