<?xml version="1.0" encoding="UTF-8"?>
<!-- Generated by org.testng.reporters.JUnitReportReporter -->
<testsuite hostname="LAPTOP-966JUI2U" failures="0" tests="4" name="registerpack.CustomerLogin" time="0.025" errors="0" timestamp="2024-11-15T15:07:22 IST" skipped="0">
  <testcase classname="registerpack.CustomerLogin" name="loginWithvalidCredentials" time="0.004"/>
  <testcase classname="registerpack.CustomerLogin" name="loginWithInvalidCredentials" time="0.015"/>
  <testcase classname="registerpack.CustomerLogin" name="loginWithInvalidUser" time="0.003"/>
  <testcase classname="registerpack.CustomerLogin" name="loginWithValidUser" time="0.003"/>
</testsuite> <!-- registerpack.CustomerLogin -->
