<?xml version="1.0" encoding="UTF-8"?>
<!-- Generated by org.testng.reporters.JUnitReportReporter -->
<testsuite hostname="LAPTOP-966JUI2U" failures="0" tests="2" name="assignments.HostGator" time="30.837" errors="0" timestamp="2024-11-22T22:59:23 IST" skipped="1">
  <testcase classname="assignments.HostGator" name="m" time="30.837"/>
  <testcase classname="assignments.HostGator" name="selectHostingPlans">
    <skipped/>
  </testcase> <!-- selectHostingPlans -->
</testsuite> <!-- assignments.HostGator -->
