<?xml version="1.0" encoding="UTF-8"?>
<!-- Generated by org.testng.reporters.JUnitReportReporter -->
<testsuite hostname="LAPTOP-966JUI2U" failures="0" tests="1" name="testNGpack.NewTest" time="0.009" errors="0" timestamp="2024-11-12T17:38:17 IST" skipped="0">
  <testcase classname="testNGpack.NewTest" name="f" time="0.009"/>
</testsuite> <!-- testNGpack.NewTest -->
