<?xml version="1.0" encoding="UTF-8"?>
<!-- Generated by org.testng.reporters.JUnitReportReporter -->
<testsuite hostname="LAPTOP-966JUI2U" failures="0" tests="1" name="suiteB.TestB2" time="2.004" errors="0" timestamp="2024-11-12T15:03:01 IST" skipped="0">
  <testcase classname="suiteB.TestB2" name="TestB2" time="2.004"/>
</testsuite> <!-- suiteB.TestB2 -->
