<?xml version="1.0" encoding="UTF-8"?>
<!-- Generated by org.testng.reporters.JUnitReportReporter -->
<testsuite hostname="LAPTOP-966JUI2U" failures="0" tests="2" name="excelDataDriven.DataManagementWithHashtable" time="0.011" errors="0" timestamp="2024-11-20T01:22:08 IST" skipped="0">
  <testcase classname="excelDataDriven.DataManagementWithHashtable" name="testcaseData" time="0.002"/>
  <testcase classname="excelDataDriven.DataManagementWithHashtable" name="testcaseData" time="0.009"/>
</testsuite> <!-- excelDataDriven.DataManagementWithHashtable -->
