<?xml version="1.0" encoding="UTF-8"?>
<!-- Generated by org.testng.reporters.JUnitReportReporter -->
<testsuite hostname="LAPTOP-966JUI2U" failures="0" tests="2" name="excelDataDriven.DataMangementWithDataProvider" time="0.013" errors="0" timestamp="2024-11-19T18:17:41 IST" skipped="0">
  <testcase classname="excelDataDriven.DataMangementWithDataProvider" name="testcaseData" time="0.011"/>
  <testcase classname="excelDataDriven.DataMangementWithDataProvider" name="testcaseData" time="0.002"/>
</testsuite> <!-- excelDataDriven.DataMangementWithDataProvider -->
