<?xml version="1.0" encoding="UTF-8"?>
<!-- Generated by org.testng.reporters.JUnitReportReporter -->
<testsuite hostname="LAPTOP-966JUI2U" failures="0" tests="2" name="testNGpack.OneTestOutputAsInput" time="0.016" errors="0" timestamp="2024-11-12T16:02:44 IST" skipped="0">
  <testcase classname="testNGpack.OneTestOutputAsInput" name="a" time="0.014"/>
  <testcase classname="testNGpack.OneTestOutputAsInput" name="b" time="0.002"/>
</testsuite> <!-- testNGpack.OneTestOutputAsInput -->
